TN:
SF:modelo.js
FN:5,reconfig_bd
FN:15,listar_perguntas
FN:17,(anonymous_2)
FN:21,cadastrar_pergunta
FN:27,cadastrar_resposta
FN:33,get_pergunta
FN:37,get_respostas
FN:41,get_num_respostas
FNF:8
FNH:8
FNDA:1,reconfig_bd
FNDA:4,listar_perguntas
FNDA:7,(anonymous_2)
FNDA:4,cadastrar_pergunta
FNDA:1,cadastrar_resposta
FNDA:1,get_pergunta
FNDA:1,get_respostas
FNDA:8,get_num_respostas
DA:1,2
DA:6,1
DA:16,4
DA:17,7
DA:18,4
DA:22,4
DA:23,4
DA:24,4
DA:28,1
DA:29,1
DA:30,1
DA:34,1
DA:38,1
DA:42,8
DA:43,8
DA:46,2
DA:47,2
DA:48,2
DA:49,2
DA:50,2
DA:51,2
DA:52,2
LF:22
LH:22
BRF:0
BRH:0
end_of_record
TN:
SF:bd/bd_utils.js
FN:5,reconfig
FN:9,query
FN:13,queryAll
FN:17,exec
FNF:4
FNH:4
FNDA:3,reconfig
FNDA:6,query
FNDA:4,queryAll
FNDA:11,exec
DA:1,2
DA:3,2
DA:6,3
DA:10,6
DA:14,4
DA:18,11
DA:21,2
DA:22,2
DA:23,2
DA:24,2
LF:10
LH:10
BRF:0
BRH:0
end_of_record
